  [1m[35m (532.2ms)[0m  [1m[35mCREATE DATABASE "DoggyDay_development" ENCODING = 'unicode'[0m
  ↳ bin/rails:9
  [1m[35m (518.6ms)[0m  [1m[35mCREATE DATABASE "DoggyDay_test" ENCODING = 'unicode'[0m
  ↳ bin/rails:9
  [1m[35m (21.8ms)[0m  [1m[35mCREATE TABLE "schema_migrations" ("version" character varying NOT NULL PRIMARY KEY)[0m
  ↳ bin/rails:9
  [1m[35m (16.1ms)[0m  [1m[35mCREATE TABLE "ar_internal_metadata" ("key" character varying NOT NULL PRIMARY KEY, "value" character varying, "created_at" timestamp NOT NULL, "updated_at" timestamp NOT NULL)[0m
  ↳ bin/rails:9
  [1m[35m (0.3ms)[0m  [1m[34mSELECT pg_try_advisory_lock(4507595027582608080)[0m
  ↳ bin/rails:9
  [1m[35m (0.5ms)[0m  [1m[34mSELECT "schema_migrations"."version" FROM "schema_migrations" ORDER BY "schema_migrations"."version" ASC[0m
  ↳ bin/rails:9
Migrating to CreateDogs (20220503044035)
  [1m[35m (0.2ms)[0m  [1m[35mBEGIN[0m
  ↳ bin/rails:9
  [1m[35m (16.3ms)[0m  [1m[35mCREATE TABLE "dogs" ("id" bigserial primary key, "name" character varying NOT NULL, "created_at" timestamp NOT NULL, "updated_at" timestamp NOT NULL)[0m
  ↳ db/migrate/20220503044035_create_dogs.rb:3
  [1m[36mActiveRecord::SchemaMigration Create (1.5ms)[0m  [1m[32mINSERT INTO "schema_migrations" ("version") VALUES ($1) RETURNING "version"[0m  [["version", "20220503044035"]]
  ↳ bin/rails:9
  [1m[35m (3.4ms)[0m  [1m[35mCOMMIT[0m
  ↳ bin/rails:9
  [1m[36mActiveRecord::InternalMetadata Load (0.2ms)[0m  [1m[34mSELECT  "ar_internal_metadata".* FROM "ar_internal_metadata" WHERE "ar_internal_metadata"."key" = $1 LIMIT $2[0m  [["key", "environment"], ["LIMIT", 1]]
  ↳ bin/rails:9
  [1m[35m (0.2ms)[0m  [1m[35mBEGIN[0m
  ↳ bin/rails:9
  [1m[36mActiveRecord::InternalMetadata Create (0.7ms)[0m  [1m[32mINSERT INTO "ar_internal_metadata" ("key", "value", "created_at", "updated_at") VALUES ($1, $2, $3, $4) RETURNING "key"[0m  [["key", "environment"], ["value", "development"], ["created_at", "2022-05-03 04:41:59.783328"], ["updated_at", "2022-05-03 04:41:59.783328"]]
  ↳ bin/rails:9
  [1m[35m (3.4ms)[0m  [1m[35mCOMMIT[0m
  ↳ bin/rails:9
  [1m[35m (0.4ms)[0m  [1m[34mSELECT pg_advisory_unlock(4507595027582608080)[0m
  ↳ bin/rails:9
  [1m[35m (0.3ms)[0m  [1m[34mSELECT "schema_migrations"."version" FROM "schema_migrations" ORDER BY "schema_migrations"."version" ASC[0m
  ↳ bin/rails:9
  [1m[35m (0.4ms)[0m  [1m[34mSELECT "schema_migrations"."version" FROM "schema_migrations" ORDER BY "schema_migrations"."version" ASC[0m
  ↳ bin/rails:9
  [1m[35m (0.3ms)[0m  [1m[34mSELECT pg_try_advisory_lock(4507595027582608080)[0m
  ↳ bin/rails:9
  [1m[35m (0.5ms)[0m  [1m[34mSELECT "schema_migrations"."version" FROM "schema_migrations" ORDER BY "schema_migrations"."version" ASC[0m
  ↳ bin/rails:9
Migrating to CreateToys (20220503044359)
  [1m[35m (0.2ms)[0m  [1m[35mBEGIN[0m
  ↳ bin/rails:9
  [1m[35m (17.6ms)[0m  [1m[35mCREATE TABLE "toys" ("id" bigserial primary key, "name" character varying NOT NULL, "created_at" timestamp NOT NULL, "updated_at" timestamp NOT NULL)[0m
  ↳ db/migrate/20220503044359_create_toys.rb:3
  [1m[36mActiveRecord::SchemaMigration Create (0.4ms)[0m  [1m[32mINSERT INTO "schema_migrations" ("version") VALUES ($1) RETURNING "version"[0m  [["version", "20220503044359"]]
  ↳ bin/rails:9
  [1m[35m (5.8ms)[0m  [1m[35mCOMMIT[0m
  ↳ bin/rails:9
  [1m[36mActiveRecord::InternalMetadata Load (0.3ms)[0m  [1m[34mSELECT  "ar_internal_metadata".* FROM "ar_internal_metadata" WHERE "ar_internal_metadata"."key" = $1 LIMIT $2[0m  [["key", "environment"], ["LIMIT", 1]]
  ↳ bin/rails:9
  [1m[35m (0.2ms)[0m  [1m[35mBEGIN[0m
  ↳ bin/rails:9
  [1m[35m (0.2ms)[0m  [1m[35mCOMMIT[0m
  ↳ bin/rails:9
  [1m[35m (0.5ms)[0m  [1m[34mSELECT pg_advisory_unlock(4507595027582608080)[0m
  ↳ bin/rails:9
  [1m[35m (0.4ms)[0m  [1m[34mSELECT "schema_migrations"."version" FROM "schema_migrations" ORDER BY "schema_migrations"."version" ASC[0m
  ↳ bin/rails:9
  [1m[35m (0.7ms)[0m  [1m[34mSELECT "schema_migrations"."version" FROM "schema_migrations" ORDER BY "schema_migrations"."version" ASC[0m
  ↳ bin/rails:9
  [1m[35m (0.3ms)[0m  [1m[34mSELECT pg_try_advisory_lock(4507595027582608080)[0m
  ↳ bin/rails:9
  [1m[35m (0.5ms)[0m  [1m[34mSELECT "schema_migrations"."version" FROM "schema_migrations" ORDER BY "schema_migrations"."version" ASC[0m
  ↳ bin/rails:9
Migrating to AddDogIdToToys (20220503044645)
  [1m[35m (0.2ms)[0m  [1m[35mBEGIN[0m
  ↳ bin/rails:9
  [1m[35m (1.3ms)[0m  [1m[35mALTER TABLE "toys" ADD "dog_id" integer NOT NULL[0m
  ↳ db/migrate/20220503044645_add_dog_id_to_toys.rb:3
  [1m[35m (0.2ms)[0m  [1m[31mROLLBACK[0m
  ↳ bin/rails:9
  [1m[35m (0.6ms)[0m  [1m[34mSELECT pg_advisory_unlock(4507595027582608080)[0m
  ↳ bin/rails:9
  [1m[35m (0.3ms)[0m  [1m[34mSELECT pg_try_advisory_lock(4507595027582608080)[0m
  ↳ bin/rails:9
  [1m[35m (0.6ms)[0m  [1m[34mSELECT "schema_migrations"."version" FROM "schema_migrations" ORDER BY "schema_migrations"."version" ASC[0m
  ↳ bin/rails:9
Migrating to AddDogIdToToys (20220503044645)
  [1m[35m (0.2ms)[0m  [1m[35mBEGIN[0m
  ↳ bin/rails:9
  [1m[35m (0.6ms)[0m  [1m[35mALTER TABLE "toys" ADD "dog_id" integer NOT NULL[0m
  ↳ db/migrate/20220503044645_add_dog_id_to_toys.rb:3
  [1m[36mActiveRecord::SchemaMigration Create (0.4ms)[0m  [1m[32mINSERT INTO "schema_migrations" ("version") VALUES ($1) RETURNING "version"[0m  [["version", "20220503044645"]]
  ↳ bin/rails:9
  [1m[35m (2.9ms)[0m  [1m[35mCOMMIT[0m
  ↳ bin/rails:9
  [1m[36mActiveRecord::InternalMetadata Load (0.6ms)[0m  [1m[34mSELECT  "ar_internal_metadata".* FROM "ar_internal_metadata" WHERE "ar_internal_metadata"."key" = $1 LIMIT $2[0m  [["key", "environment"], ["LIMIT", 1]]
  ↳ bin/rails:9
  [1m[35m (0.5ms)[0m  [1m[35mBEGIN[0m
  ↳ bin/rails:9
  [1m[35m (0.3ms)[0m  [1m[35mCOMMIT[0m
  ↳ bin/rails:9
  [1m[35m (0.3ms)[0m  [1m[34mSELECT pg_advisory_unlock(4507595027582608080)[0m
  ↳ bin/rails:9
  [1m[35m (0.7ms)[0m  [1m[34mSELECT "schema_migrations"."version" FROM "schema_migrations" ORDER BY "schema_migrations"."version" ASC[0m
  ↳ bin/rails:9
  [1m[35m (0.6ms)[0m  [1m[34mSELECT "schema_migrations"."version" FROM "schema_migrations" ORDER BY "schema_migrations"."version" ASC[0m
  ↳ bin/rails:9
  [1m[35m (0.6ms)[0m  [1m[34mSELECT "schema_migrations"."version" FROM "schema_migrations" ORDER BY "schema_migrations"."version" ASC[0m
  ↳ bin/rails:9
  [1m[35m (0.3ms)[0m  [1m[34mSELECT "schema_migrations"."version" FROM "schema_migrations" ORDER BY "schema_migrations"."version" ASC[0m
  ↳ bin/rails:9
  [1m[35m (0.3ms)[0m  [1m[34mSELECT "schema_migrations"."version" FROM "schema_migrations" ORDER BY "schema_migrations"."version" ASC[0m
  ↳ bin/rails:9
  [1m[35m (0.2ms)[0m  [1m[34mSELECT pg_try_advisory_lock(4507595027582608080)[0m
  ↳ bin/rails:9
  [1m[35m (0.3ms)[0m  [1m[34mSELECT "schema_migrations"."version" FROM "schema_migrations" ORDER BY "schema_migrations"."version" ASC[0m
  ↳ bin/rails:9
Migrating to AddDogIdToToys (20220503044645)
  [1m[35m (1.0ms)[0m  [1m[35mBEGIN[0m
  ↳ bin/rails:9
  [1m[35m (1.4ms)[0m  [1m[35mALTER TABLE "toys" DROP COLUMN "dog_id"[0m
  ↳ bin/rails:9
  [1m[36mActiveRecord::SchemaMigration Destroy (1.0ms)[0m  [1m[31mDELETE FROM "schema_migrations" WHERE "schema_migrations"."version" = $1[0m  [["version", "20220503044645"]]
  ↳ bin/rails:9
  [1m[35m (3.2ms)[0m  [1m[35mCOMMIT[0m
  ↳ bin/rails:9
  [1m[35m (0.3ms)[0m  [1m[34mSELECT pg_advisory_unlock(4507595027582608080)[0m
  ↳ bin/rails:9
  [1m[35m (0.3ms)[0m  [1m[34mSELECT "schema_migrations"."version" FROM "schema_migrations" ORDER BY "schema_migrations"."version" ASC[0m
  ↳ bin/rails:9
  [1m[35m (0.5ms)[0m  [1m[34mSELECT "schema_migrations"."version" FROM "schema_migrations" ORDER BY "schema_migrations"."version" ASC[0m
  ↳ bin/rails:9
  [1m[35m (0.2ms)[0m  [1m[34mSELECT pg_try_advisory_lock(4507595027582608080)[0m
  ↳ bin/rails:9
  [1m[35m (0.4ms)[0m  [1m[34mSELECT "schema_migrations"."version" FROM "schema_migrations" ORDER BY "schema_migrations"."version" ASC[0m
  ↳ bin/rails:9
Migrating to AddDogIdToToys (20220503044645)
  [1m[35m (0.2ms)[0m  [1m[35mBEGIN[0m
  ↳ bin/rails:9
  [1m[35m (1.2ms)[0m  [1m[35mALTER TABLE "toys" ADD "dog_id" integer NOT NULL[0m
  ↳ db/migrate/20220503044645_add_dog_id_to_toys.rb:3
  [1m[35m (0.5ms)[0m  [1m[35mALTER TABLE "toys" ADD "color" character varying NOT NULL[0m
  ↳ db/migrate/20220503044645_add_dog_id_to_toys.rb:4
  [1m[36mActiveRecord::SchemaMigration Create (1.1ms)[0m  [1m[32mINSERT INTO "schema_migrations" ("version") VALUES ($1) RETURNING "version"[0m  [["version", "20220503044645"]]
  ↳ bin/rails:9
  [1m[35m (4.4ms)[0m  [1m[35mCOMMIT[0m
  ↳ bin/rails:9
  [1m[36mActiveRecord::InternalMetadata Load (0.6ms)[0m  [1m[34mSELECT  "ar_internal_metadata".* FROM "ar_internal_metadata" WHERE "ar_internal_metadata"."key" = $1 LIMIT $2[0m  [["key", "environment"], ["LIMIT", 1]]
  ↳ bin/rails:9
  [1m[35m (0.2ms)[0m  [1m[35mBEGIN[0m
  ↳ bin/rails:9
  [1m[35m (0.2ms)[0m  [1m[35mCOMMIT[0m
  ↳ bin/rails:9
  [1m[35m (0.3ms)[0m  [1m[34mSELECT pg_advisory_unlock(4507595027582608080)[0m
  ↳ bin/rails:9
  [1m[35m (0.2ms)[0m  [1m[34mSELECT "schema_migrations"."version" FROM "schema_migrations" ORDER BY "schema_migrations"."version" ASC[0m
  ↳ bin/rails:9
  [1m[35m (0.2ms)[0m  [1m[35mBEGIN[0m
  [1m[36mDog Create (0.6ms)[0m  [1m[32mINSERT INTO "dogs" ("name", "created_at", "updated_at") VALUES ($1, $2, $3) RETURNING "id"[0m  [["name", "Clifford"], ["created_at", "2022-05-03 05:02:13.553027"], ["updated_at", "2022-05-03 05:02:13.553027"]]
  [1m[35m (5.5ms)[0m  [1m[35mCOMMIT[0m
  [1m[36mDog Load (0.3ms)[0m  [1m[34mSELECT  "dogs".* FROM "dogs" ORDER BY "dogs"."id" ASC LIMIT $1[0m  [["LIMIT", 1]]
  [1m[36mDog Load (0.2ms)[0m  [1m[34mSELECT  "dogs".* FROM "dogs" WHERE "dogs"."id" = $1 LIMIT $2[0m  [["id", 1], ["LIMIT", 1]]
  [1m[36mDog Load (0.3ms)[0m  [1m[34mSELECT  "dogs".* FROM "dogs" WHERE "dogs"."name" = $1 LIMIT $2[0m  [["name", "Clifford"], ["LIMIT", 1]]
  [1m[36mDog Load (0.4ms)[0m  [1m[34mSELECT "dogs".* FROM "dogs"[0m
  [1m[35m (0.3ms)[0m  [1m[35mBEGIN[0m
  [1m[36mDog Create (0.5ms)[0m  [1m[32mINSERT INTO "dogs" ("name", "created_at", "updated_at") VALUES ($1, $2, $3) RETURNING "id"[0m  [["name", "snoopy"], ["created_at", "2022-05-03 05:04:14.947416"], ["updated_at", "2022-05-03 05:04:14.947416"]]
  [1m[35m (3.4ms)[0m  [1m[35mCOMMIT[0m
  [1m[36mDog Load (0.3ms)[0m  [1m[34mSELECT "dogs".* FROM "dogs"[0m
  [1m[36mDog Load (0.3ms)[0m  [1m[34mSELECT  "dogs".* FROM "dogs" ORDER BY "dogs"."id" DESC LIMIT $1[0m  [["LIMIT", 1]]
  [1m[35m (0.2ms)[0m  [1m[35mBEGIN[0m
  [1m[36mDog Destroy (0.5ms)[0m  [1m[31mDELETE FROM "dogs" WHERE "dogs"."id" = $1[0m  [["id", 2]]
  [1m[35m (3.5ms)[0m  [1m[35mCOMMIT[0m
  [1m[36mDog Load (0.4ms)[0m  [1m[34mSELECT "dogs".* FROM "dogs"[0m
  [1m[35m (0.2ms)[0m  [1m[35mBEGIN[0m
  [1m[36mDog Create (1.4ms)[0m  [1m[32mINSERT INTO "dogs" ("created_at", "updated_at") VALUES ($1, $2) RETURNING "id"[0m  [["created_at", "2022-05-03 05:07:00.026577"], ["updated_at", "2022-05-03 05:07:00.026577"]]
  [1m[35m (0.4ms)[0m  [1m[31mROLLBACK[0m
  [1m[35m (0.5ms)[0m  [1m[34mSELECT "schema_migrations"."version" FROM "schema_migrations" ORDER BY "schema_migrations"."version" ASC[0m
  ↳ /home/miker/.rbenv/versions/2.5.1/bin/annotate:25
  [1m[35m (0.2ms)[0m  [1m[35mBEGIN[0m
  [1m[35m (0.2ms)[0m  [1m[31mROLLBACK[0m
  [1m[35m (0.4ms)[0m  [1m[35mBEGIN[0m
  [1m[35m (0.2ms)[0m  [1m[31mROLLBACK[0m
  [1m[35m (0.2ms)[0m  [1m[35mBEGIN[0m
  [1m[36mDog Create (0.5ms)[0m  [1m[32mINSERT INTO "dogs" ("name", "created_at", "updated_at") VALUES ($1, $2, $3) RETURNING "id"[0m  [["name", "Trixie"], ["created_at", "2022-05-03 05:31:39.337218"], ["updated_at", "2022-05-03 05:31:39.337218"]]
  [1m[35m (4.1ms)[0m  [1m[35mCOMMIT[0m
  [1m[35m (0.2ms)[0m  [1m[35mBEGIN[0m
  [1m[36mDog Create (0.5ms)[0m  [1m[32mINSERT INTO "dogs" ("name", "created_at", "updated_at") VALUES ($1, $2, $3) RETURNING "id"[0m  [["name", "a"], ["created_at", "2022-05-03 05:33:18.267638"], ["updated_at", "2022-05-03 05:33:18.267638"]]
  [1m[35m (4.2ms)[0m  [1m[35mCOMMIT[0m
  [1m[35m (0.5ms)[0m  [1m[35mBEGIN[0m
  [1m[36mDog Create (0.5ms)[0m  [1m[32mINSERT INTO "dogs" ("name", "created_at", "updated_at") VALUES ($1, $2, $3) RETURNING "id"[0m  [["name", "a"], ["created_at", "2022-05-03 05:34:42.709367"], ["updated_at", "2022-05-03 05:34:42.709367"]]
  [1m[35m (4.2ms)[0m  [1m[35mCOMMIT[0m
  [1m[35m (0.2ms)[0m  [1m[35mBEGIN[0m
  [1m[35m (0.3ms)[0m  [1m[31mROLLBACK[0m
  [1m[35m (0.4ms)[0m  [1m[34mSELECT "schema_migrations"."version" FROM "schema_migrations" ORDER BY "schema_migrations"."version" ASC[0m
  ↳ /home/miker/.rbenv/versions/2.5.1/bin/annotate:25
  [1m[35m (0.4ms)[0m  [1m[34mSELECT "schema_migrations"."version" FROM "schema_migrations" ORDER BY "schema_migrations"."version" ASC[0m
  ↳ /home/miker/.rbenv/versions/2.5.1/bin/annotate:25
  [1m[36mDog Load (0.3ms)[0m  [1m[34mSELECT  "dogs".* FROM "dogs" ORDER BY "dogs"."id" ASC LIMIT $1[0m  [["LIMIT", 1]]
  [1m[36mToy Load (0.3ms)[0m  [1m[34mSELECT "toys".* FROM "toys" WHERE "toys"."dog_id" = $1[0m  [["dog_id", 1]]
  [1m[36mDog Load (0.4ms)[0m  [1m[34mSELECT "dogs".* FROM "dogs"[0m
  [1m[35m (0.4ms)[0m  [1m[34mSELECT "schema_migrations"."version" FROM "schema_migrations" ORDER BY "schema_migrations"."version" ASC[0m
  ↳ bin/rails:9
  [1m[36mDog Load (0.4ms)[0m  [1m[34mSELECT "dogs".* FROM "dogs"[0m
  ↳ db/seeds.rb:9
  [1m[35m (0.2ms)[0m  [1m[35mBEGIN[0m
  ↳ db/seeds.rb:9
  [1m[36mDog Destroy (0.6ms)[0m  [1m[31mDELETE FROM "dogs" WHERE "dogs"."id" = $1[0m  [["id", 1]]
  ↳ db/seeds.rb:9
  [1m[35m (19.5ms)[0m  [1m[35mCOMMIT[0m
  ↳ db/seeds.rb:9
  [1m[35m (0.6ms)[0m  [1m[35mBEGIN[0m
  ↳ db/seeds.rb:9
  [1m[36mDog Destroy (0.4ms)[0m  [1m[31mDELETE FROM "dogs" WHERE "dogs"."id" = $1[0m  [["id", 4]]
  ↳ db/seeds.rb:9
  [1m[35m (3.2ms)[0m  [1m[35mCOMMIT[0m
  ↳ db/seeds.rb:9
  [1m[35m (0.2ms)[0m  [1m[35mBEGIN[0m
  ↳ db/seeds.rb:9
  [1m[36mDog Destroy (0.4ms)[0m  [1m[31mDELETE FROM "dogs" WHERE "dogs"."id" = $1[0m  [["id", 5]]
  ↳ db/seeds.rb:9
  [1m[35m (3.3ms)[0m  [1m[35mCOMMIT[0m
  ↳ db/seeds.rb:9
  [1m[35m (0.2ms)[0m  [1m[35mBEGIN[0m
  ↳ db/seeds.rb:9
  [1m[36mDog Destroy (0.3ms)[0m  [1m[31mDELETE FROM "dogs" WHERE "dogs"."id" = $1[0m  [["id", 6]]
  ↳ db/seeds.rb:9
  [1m[35m (3.5ms)[0m  [1m[35mCOMMIT[0m
  ↳ db/seeds.rb:9
  [1m[35m (0.2ms)[0m  [1m[35mBEGIN[0m
  ↳ db/seeds.rb:10
  [1m[36mDog Create (0.3ms)[0m  [1m[32mINSERT INTO "dogs" ("name", "created_at", "updated_at") VALUES ($1, $2, $3) RETURNING "id"[0m  [["name", "clifford"], ["created_at", "2022-05-03 06:14:58.143084"], ["updated_at", "2022-05-03 06:14:58.143084"]]
  ↳ db/seeds.rb:10
  [1m[35m (3.1ms)[0m  [1m[35mCOMMIT[0m
  ↳ db/seeds.rb:10
  [1m[35m (0.2ms)[0m  [1m[35mBEGIN[0m
  ↳ db/seeds.rb:11
  [1m[36mDog Create (0.3ms)[0m  [1m[32mINSERT INTO "dogs" ("name", "created_at", "updated_at") VALUES ($1, $2, $3) RETURNING "id"[0m  [["name", "Snoopy"], ["created_at", "2022-05-03 06:14:58.149308"], ["updated_at", "2022-05-03 06:14:58.149308"]]
  ↳ db/seeds.rb:11
  [1m[35m (3.6ms)[0m  [1m[35mCOMMIT[0m
  ↳ db/seeds.rb:11
  [1m[36mToy Load (0.3ms)[0m  [1m[34mSELECT "toys".* FROM "toys"[0m
  ↳ db/seeds.rb:14
  [1m[35m (0.2ms)[0m  [1m[35mBEGIN[0m
  ↳ db/seeds.rb:15
  [1m[36mDog Load (0.2ms)[0m  [1m[34mSELECT  "dogs".* FROM "dogs" WHERE "dogs"."id" = $1 LIMIT $2[0m  [["id", 7], ["LIMIT", 1]]
  ↳ db/seeds.rb:15
  [1m[36mToy Create (0.4ms)[0m  [1m[32mINSERT INTO "toys" ("name", "created_at", "updated_at", "dog_id", "color") VALUES ($1, $2, $3, $4, $5) RETURNING "id"[0m  [["name", "big_bone"], ["created_at", "2022-05-03 06:14:58.216169"], ["updated_at", "2022-05-03 06:14:58.216169"], ["dog_id", 7], ["color", "white"]]
  ↳ db/seeds.rb:15
  [1m[35m (6.0ms)[0m  [1m[35mCOMMIT[0m
  ↳ db/seeds.rb:15
  [1m[35m (0.2ms)[0m  [1m[35mBEGIN[0m
  ↳ db/seeds.rb:16
  [1m[36mDog Load (0.5ms)[0m  [1m[34mSELECT  "dogs".* FROM "dogs" WHERE "dogs"."id" = $1 LIMIT $2[0m  [["id", 7], ["LIMIT", 1]]
  ↳ db/seeds.rb:16
  [1m[36mToy Create (0.4ms)[0m  [1m[32mINSERT INTO "toys" ("name", "created_at", "updated_at", "dog_id", "color") VALUES ($1, $2, $3, $4, $5) RETURNING "id"[0m  [["name", "towel"], ["created_at", "2022-05-03 06:14:58.227680"], ["updated_at", "2022-05-03 06:14:58.227680"], ["dog_id", 7], ["color", "green"]]
  ↳ db/seeds.rb:16
  [1m[35m (3.3ms)[0m  [1m[35mCOMMIT[0m
  ↳ db/seeds.rb:16
  [1m[35m (0.2ms)[0m  [1m[35mBEGIN[0m
  ↳ db/seeds.rb:17
  [1m[36mDog Load (0.3ms)[0m  [1m[34mSELECT  "dogs".* FROM "dogs" WHERE "dogs"."id" = $1 LIMIT $2[0m  [["id", 8], ["LIMIT", 1]]
  ↳ db/seeds.rb:17
  [1m[36mToy Create (0.3ms)[0m  [1m[32mINSERT INTO "toys" ("name", "created_at", "updated_at", "dog_id", "color") VALUES ($1, $2, $3, $4, $5) RETURNING "id"[0m  [["name", "dog_house"], ["created_at", "2022-05-03 06:14:58.237636"], ["updated_at", "2022-05-03 06:14:58.237636"], ["dog_id", 8], ["color", "red"]]
  ↳ db/seeds.rb:17
  [1m[35m (3.1ms)[0m  [1m[35mCOMMIT[0m
  ↳ db/seeds.rb:17
  [1m[35m (0.2ms)[0m  [1m[35mBEGIN[0m
  ↳ db/seeds.rb:18
  [1m[36mDog Load (0.2ms)[0m  [1m[34mSELECT  "dogs".* FROM "dogs" WHERE "dogs"."id" = $1 LIMIT $2[0m  [["id", 8], ["LIMIT", 1]]
  ↳ db/seeds.rb:18
  [1m[36mToy Create (0.2ms)[0m  [1m[32mINSERT INTO "toys" ("name", "created_at", "updated_at", "dog_id", "color") VALUES ($1, $2, $3, $4, $5) RETURNING "id"[0m  [["name", "blanket"], ["created_at", "2022-05-03 06:14:58.245872"], ["updated_at", "2022-05-03 06:14:58.245872"], ["dog_id", 8], ["color", "red"]]
  ↳ db/seeds.rb:18
  [1m[35m (3.8ms)[0m  [1m[35mCOMMIT[0m
  ↳ db/seeds.rb:18
  [1m[36mDog Load (0.4ms)[0m  [1m[34mSELECT "dogs".* FROM "dogs"[0m
  [1m[36mToy Load (0.6ms)[0m  [1m[34mSELECT "toys".* FROM "toys"[0m
  [1m[36mDog Load (0.3ms)[0m  [1m[34mSELECT  "dogs".* FROM "dogs" ORDER BY "dogs"."id" ASC LIMIT $1[0m  [["LIMIT", 1]]
  [1m[36mToy Load (0.3ms)[0m  [1m[34mSELECT  "toys".* FROM "toys" ORDER BY "toys"."id" ASC LIMIT $1[0m  [["LIMIT", 1]]
  [1m[36mToy Load (0.3ms)[0m  [1m[34mSELECT  "toys".* FROM "toys" WHERE "toys"."id" = $1 LIMIT $2[0m  [["id", 1], ["LIMIT", 1]]
  [1m[36mDog Load (0.4ms)[0m  [1m[34mSELECT  "dogs".* FROM "dogs" ORDER BY "dogs"."id" ASC LIMIT $1[0m  [["LIMIT", 1]]
  [1m[36mToy Load (0.4ms)[0m  [1m[34mSELECT "toys".* FROM "toys"[0m
  [1m[36mToy Load (0.2ms)[0m  [1m[34mSELECT "toys".* FROM "toys" WHERE "toys"."dog_id" = $1[0m  [["dog_id", 7]]
  [1m[35m (0.2ms)[0m  [1m[35mBEGIN[0m
  [1m[36mDog Load (0.2ms)[0m  [1m[34mSELECT  "dogs".* FROM "dogs" WHERE "dogs"."id" = $1 LIMIT $2[0m  [["id", 7], ["LIMIT", 1]]
  [1m[36mToy Update (0.4ms)[0m  [1m[33mUPDATE "toys" SET "dog_id" = $1, "updated_at" = $2 WHERE "toys"."id" = $3[0m  [["dog_id", 7], ["updated_at", "2022-05-03 06:17:41.646307"], ["id", 3]]
  [1m[36mDog Load (0.8ms)[0m  [1m[34mSELECT  "dogs".* FROM "dogs" WHERE "dogs"."id" = $1 LIMIT $2[0m  [["id", 7], ["LIMIT", 1]]
  [1m[36mToy Update (0.7ms)[0m  [1m[33mUPDATE "toys" SET "dog_id" = $1, "updated_at" = $2 WHERE "toys"."id" = $3[0m  [["dog_id", 7], ["updated_at", "2022-05-03 06:17:41.650736"], ["id", 4]]
  [1m[35m (3.9ms)[0m  [1m[35mCOMMIT[0m
